<?xml version="1.0" encoding="UTF-8"?>
<!-- Generated by org.testng.reporters.JUnitXMLReporter -->
<testsuite hostname="LAPTOP-NEBFM83G" ignored="0" name="Test" tests="1" failures="1" timestamp="2020-04-29T10:18:42 NZST" time="0.035" errors="0">
  <testcase name="elementprenece" time="0.008" classname="testcases.elementpresence">
    <failure type="java.lang.AssertionError" message="The following asserts failed:
	expected [yahoo.com] but found [gmail.com],
	image not present expected [false] but found [true]">
      <![CDATA[java.lang.AssertionError: The following asserts failed:
expected [yahoo.com] but found [gmail.com],
image not present expected [false] but found [true]
at testcases.elementpresence.elementprenece(elementpresence.java:18)
at java.util.ArrayList.forEach(ArrayList.java:1257)
... Removed 29 stack frames]]>
    </failure>
  </testcase> <!-- elementprenece -->
</testsuite> <!-- Test -->
