<?xml version="1.0" encoding="UTF-8"?>
<!-- Generated by org.testng.reporters.JUnitXMLReporter -->
<testsuite hostname="LAPTOP-NEBFM83G" ignored="0" name="Test1 " tests="1" failures="0" timestamp="2020-05-14T20:30:05 NZST" time="0.04" errors="0">
  <testcase name="@BeforeSuite setUp" time="14.749" classname="com.w2a.base.baseclass">
    <failure type="org.openqa.selenium.SessionNotCreatedException" message="session not created
from chrome not reachable
  (Session info: chrome=81.0.4044.138)
Build info: version: &amp;apos;3.141.59&amp;apos;, revision: &amp;apos;e82be7d358&amp;apos;, time: &amp;apos;2018-11-14T08:17:03&amp;apos;
System info: host: &amp;apos;LAPTOP-NEBFM83G&amp;apos;, ip: &amp;apos;192.168.20.7&amp;apos;, os.name: &amp;apos;Windows 10&amp;apos;, os.arch: &amp;apos;amd64&amp;apos;, os.version: &amp;apos;10.0&amp;apos;, java.version: &amp;apos;1.8.0_221&amp;apos;
Driver info: driver.version: ChromeDriver
remote stacktrace: Backtrace:
	Ordinal0 [0x011A5F73+2449267]
	Ordinal0 [0x010D8361+1606497]
	Ordinal0 [0x00FCF812+522258]
	Ordinal0 [0x00FC95B2+497074]
	Ordinal0 [0x00FC9C9B+498843]
	Ordinal0 [0x00FCABF5+502773]
	Ordinal0 [0x00FC6724+485156]
	Ordinal0 [0x00FD0600+525824]
	Ordinal0 [0x00F7CBB9+183225]
	Ordinal0 [0x00F7BF2D+180013]
	Ordinal0 [0x00F79E5B+171611]
	Ordinal0 [0x00F61DD8+73176]
	Ordinal0 [0x00F62E50+77392]
	Ordinal0 [0x00F62DE9+77289]
	Ordinal0 [0x010ED8D7+1693911]
	GetHandleVerifier [0x01244036+522726]
	GetHandleVerifier [0x01243D74+522020]
	GetHandleVerifier [0x01259187+609079]
	GetHandleVerifier [0x012448A6+524886]
	Ordinal0 [0x010E5CBC+1662140]
	Ordinal0 [0x010EF23B+1700411]
	Ordinal0 [0x010EF3A3+1700771]
	Ordinal0 [0x01105215+1790485]
	BaseThreadInitThunk [0x76D06359+25]
	RtlGetAppContainerNamedObjectPath [0x77917C24+228]
	RtlGetAppContainerNamedObjectPath [0x77917BF4+180]
">
      <![CDATA[org.openqa.selenium.SessionNotCreatedException: session not created
from chrome not reachable
  (Session info: chrome=81.0.4044.138)
Build info: version: '3.141.59', revision: 'e82be7d358', time: '2018-11-14T08:17:03'
System info: host: 'LAPTOP-NEBFM83G', ip: '192.168.20.7', os.name: 'Windows 10', os.arch: 'amd64', os.version: '10.0', java.version: '1.8.0_221'
Driver info: driver.version: ChromeDriver
remote stacktrace: Backtrace:
Ordinal0 [0x011A5F73+2449267]
Ordinal0 [0x010D8361+1606497]
Ordinal0 [0x00FCF812+522258]
Ordinal0 [0x00FC95B2+497074]
Ordinal0 [0x00FC9C9B+498843]
Ordinal0 [0x00FCABF5+502773]
Ordinal0 [0x00FC6724+485156]
Ordinal0 [0x00FD0600+525824]
Ordinal0 [0x00F7CBB9+183225]
Ordinal0 [0x00F7BF2D+180013]
Ordinal0 [0x00F79E5B+171611]
Ordinal0 [0x00F61DD8+73176]
Ordinal0 [0x00F62E50+77392]
Ordinal0 [0x00F62DE9+77289]
Ordinal0 [0x010ED8D7+1693911]
GetHandleVerifier [0x01244036+522726]
GetHandleVerifier [0x01243D74+522020]
GetHandleVerifier [0x01259187+609079]
GetHandleVerifier [0x012448A6+524886]
Ordinal0 [0x010E5CBC+1662140]
Ordinal0 [0x010EF23B+1700411]
Ordinal0 [0x010EF3A3+1700771]
Ordinal0 [0x01105215+1790485]
BaseThreadInitThunk [0x76D06359+25]
RtlGetAppContainerNamedObjectPath [0x77917C24+228]
RtlGetAppContainerNamedObjectPath [0x77917BF4+180]

at org.openqa.selenium.remote.W3CHandshakeResponse.lambda$errorHandler$0(W3CHandshakeResponse.java:62)
at org.openqa.selenium.remote.HandshakeResponse.lambda$getResponseFunction$0(HandshakeResponse.java:30)
at org.openqa.selenium.remote.ProtocolHandshake.lambda$createSession$0(ProtocolHandshake.java:126)
at java.util.stream.ReferencePipeline$3$1.accept(ReferencePipeline.java:193)
at java.util.Spliterators$ArraySpliterator.tryAdvance(Spliterators.java:958)
at java.util.stream.ReferencePipeline.forEachWithCancel(ReferencePipeline.java:126)
at java.util.stream.AbstractPipeline.copyIntoWithCancel(AbstractPipeline.java:499)
at java.util.stream.AbstractPipeline.copyInto(AbstractPipeline.java:486)
at java.util.stream.AbstractPipeline.wrapAndCopyInto(AbstractPipeline.java:472)
at java.util.stream.FindOps$FindOp.evaluateSequential(FindOps.java:152)
at java.util.stream.AbstractPipeline.evaluate(AbstractPipeline.java:234)
at java.util.stream.ReferencePipeline.findFirst(ReferencePipeline.java:464)
at org.openqa.selenium.remote.ProtocolHandshake.createSession(ProtocolHandshake.java:128)
at org.openqa.selenium.remote.ProtocolHandshake.createSession(ProtocolHandshake.java:74)
at org.openqa.selenium.remote.HttpCommandExecutor.execute(HttpCommandExecutor.java:136)
at org.openqa.selenium.remote.service.DriverCommandExecutor.execute(DriverCommandExecutor.java:83)
at org.openqa.selenium.remote.RemoteWebDriver.execute(RemoteWebDriver.java:552)
at org.openqa.selenium.remote.RemoteWebDriver.startSession(RemoteWebDriver.java:213)
at org.openqa.selenium.remote.RemoteWebDriver.<init>(RemoteWebDriver.java:131)
at org.openqa.selenium.chrome.ChromeDriver.<init>(ChromeDriver.java:181)
at org.openqa.selenium.chrome.ChromeDriver.<init>(ChromeDriver.java:168)
at org.openqa.selenium.chrome.ChromeDriver.<init>(ChromeDriver.java:123)
at com.w2a.base.baseclass.setUp(baseclass.java:91)
... Removed 23 stack frames]]>
    </failure>
  </testcase> <!-- @BeforeSuite setUp -->
  <testcase name="registrationpage" time="0.0" classname="com.techexpozed.testcases.Registration">
    <skipped/>
  </testcase> <!-- registrationpage -->
</testsuite> <!-- Test1  -->
