<?xml version="1.0" encoding="UTF-8"?>
<!-- Generated by org.testng.reporters.JUnitXMLReporter -->
<testsuite hostname="LAPTOP-NEBFM83G" ignored="0" name="Test1" tests="1" failures="1" timestamp="2020-05-25T22:45:44 NZST" time="10.113" errors="0">
  <testcase name="getstartedlogin" time="10.083" classname="com.techexpozed.testcases.getstarted">
    <failure type="org.openqa.selenium.NoSuchElementException" message="no such element: Unable to locate element: {&amp;quot;method&amp;quot;:&amp;quot;css selector&amp;quot;,&amp;quot;selector&amp;quot;:&amp;quot;div.site-wrapper-reveal:nth-child(4) div.pricing-table-area.section-space--ptb_100.bg-gray:nth-child(1) div.pricing-table-content-area div.container div.tab-content.ht-tab__content.wow.move-up.animate div.tab-pane.fade.show.active div.row.pricing-table-one div.col-12.col-md-6.col-lg-4.col-xl-4.pricing-table:nth-child(1) div.pricing-table__inner div.pricing-table__body div.pricing-table__footer &amp;gt; a.ht-btn.ht-btn-md.ht-btn--outline.get-started&amp;quot;}
  (Session info: chrome=83.0.4103.61)
For documentation on this error, please visit: https://www.seleniumhq.org/exceptions/no_such_element.html
Build info: version: &amp;apos;3.141.59&amp;apos;, revision: &amp;apos;e82be7d358&amp;apos;, time: &amp;apos;2018-11-14T08:17:03&amp;apos;
System info: host: &amp;apos;LAPTOP-NEBFM83G&amp;apos;, ip: &amp;apos;192.168.20.7&amp;apos;, os.name: &amp;apos;Windows 10&amp;apos;, os.arch: &amp;apos;amd64&amp;apos;, os.version: &amp;apos;10.0&amp;apos;, java.version: &amp;apos;1.8.0_221&amp;apos;
Driver info: org.openqa.selenium.chrome.ChromeDriver
Capabilities {acceptInsecureCerts: false, browserName: chrome, browserVersion: 83.0.4103.61, chrome: {chromedriverVersion: 83.0.4103.39 (ccbf011cb2d2b..., userDataDir: C:\Users\reshm\AppData\Loca...}, goog:chromeOptions: {debuggerAddress: localhost:55591}, javascriptEnabled: true, networkConnectionEnabled: false, pageLoadStrategy: normal, platform: WINDOWS, platformName: WINDOWS, proxy: Proxy(), setWindowRect: true, strictFileInteractability: false, timeouts: {implicit: 0, pageLoad: 300000, script: 30000}, unhandledPromptBehavior: dismiss and notify, webauthn:virtualAuthenticators: true}
Session ID: ec387612d16c7eb845886ec3bc140d67
*** Element info: {Using=css selector, value=div.site-wrapper-reveal:nth-child(4) div.pricing-table-area.section-space--ptb_100.bg-gray:nth-child(1) div.pricing-table-content-area div.container div.tab-content.ht-tab__content.wow.move-up.animate div.tab-pane.fade.show.active div.row.pricing-table-one div.col-12.col-md-6.col-lg-4.col-xl-4.pricing-table:nth-child(1) div.pricing-table__inner div.pricing-table__body div.pricing-table__footer &amp;gt; a.ht-btn.ht-btn-md.ht-btn--outline.get-started}">
      <![CDATA[org.openqa.selenium.NoSuchElementException: no such element: Unable to locate element: {"method":"css selector","selector":"div.site-wrapper-reveal:nth-child(4) div.pricing-table-area.section-space--ptb_100.bg-gray:nth-child(1) div.pricing-table-content-area div.container div.tab-content.ht-tab__content.wow.move-up.animate div.tab-pane.fade.show.active div.row.pricing-table-one div.col-12.col-md-6.col-lg-4.col-xl-4.pricing-table:nth-child(1) div.pricing-table__inner div.pricing-table__body div.pricing-table__footer > a.ht-btn.ht-btn-md.ht-btn--outline.get-started"}
  (Session info: chrome=83.0.4103.61)
For documentation on this error, please visit: https://www.seleniumhq.org/exceptions/no_such_element.html
Build info: version: '3.141.59', revision: 'e82be7d358', time: '2018-11-14T08:17:03'
System info: host: 'LAPTOP-NEBFM83G', ip: '192.168.20.7', os.name: 'Windows 10', os.arch: 'amd64', os.version: '10.0', java.version: '1.8.0_221'
Driver info: org.openqa.selenium.chrome.ChromeDriver
Capabilities {acceptInsecureCerts: false, browserName: chrome, browserVersion: 83.0.4103.61, chrome: {chromedriverVersion: 83.0.4103.39 (ccbf011cb2d2b..., userDataDir: C:\Users\reshm\AppData\Loca...}, goog:chromeOptions: {debuggerAddress: localhost:55591}, javascriptEnabled: true, networkConnectionEnabled: false, pageLoadStrategy: normal, platform: WINDOWS, platformName: WINDOWS, proxy: Proxy(), setWindowRect: true, strictFileInteractability: false, timeouts: {implicit: 0, pageLoad: 300000, script: 30000}, unhandledPromptBehavior: dismiss and notify, webauthn:virtualAuthenticators: true}
Session ID: ec387612d16c7eb845886ec3bc140d67
*** Element info: {Using=css selector, value=div.site-wrapper-reveal:nth-child(4) div.pricing-table-area.section-space--ptb_100.bg-gray:nth-child(1) div.pricing-table-content-area div.container div.tab-content.ht-tab__content.wow.move-up.animate div.tab-pane.fade.show.active div.row.pricing-table-one div.col-12.col-md-6.col-lg-4.col-xl-4.pricing-table:nth-child(1) div.pricing-table__inner div.pricing-table__body div.pricing-table__footer > a.ht-btn.ht-btn-md.ht-btn--outline.get-started}
at org.openqa.selenium.remote.http.W3CHttpResponseCodec.createException(W3CHttpResponseCodec.java:187)
at org.openqa.selenium.remote.http.W3CHttpResponseCodec.decode(W3CHttpResponseCodec.java:122)
at org.openqa.selenium.remote.http.W3CHttpResponseCodec.decode(W3CHttpResponseCodec.java:49)
at org.openqa.selenium.remote.HttpCommandExecutor.execute(HttpCommandExecutor.java:158)
at org.openqa.selenium.remote.service.DriverCommandExecutor.execute(DriverCommandExecutor.java:83)
at org.openqa.selenium.remote.RemoteWebDriver.execute(RemoteWebDriver.java:552)
at org.openqa.selenium.remote.RemoteWebDriver.findElement(RemoteWebDriver.java:323)
at org.openqa.selenium.remote.RemoteWebDriver.findElementByCssSelector(RemoteWebDriver.java:420)
at org.openqa.selenium.By$ByCssSelector.findElement(By.java:431)
at org.openqa.selenium.remote.RemoteWebDriver.findElement(RemoteWebDriver.java:315)
at com.w2a.base.baseclass.click(baseclass.java:118)
at com.techexpozed.testcases.getstarted.getstartedlogin(getstarted.java:22)
at java.util.ArrayList.forEach(ArrayList.java:1257)
... Removed 31 stack frames]]>
    </failure>
  </testcase> <!-- getstartedlogin -->
</testsuite> <!-- Test1 -->
